<?xml version="1.0" encoding="UTF-8"?>
<!-- Generated by org.testng.reporters.JUnitReportReporter -->
<testsuite hostname="DESKTOP-KD1GRK7" failures="0" tests="2" name="Testcases.DropDown" time="0.000" errors="0" timestamp="2023-06-09T15:14:03 IST" skipped="2">
  <testcase classname="Testcases.DropDown" name="dropDownScenario" time="0.000">
    <skipped/>
  </testcase> <!-- dropDownScenario -->
  <system-out/>
  <testcase classname="Testcases.DropDown" name="dropDownMultiColor" time="0.000">
    <skipped/>
  </testcase> <!-- dropDownMultiColor -->
  <system-out/>
</testsuite> <!-- Testcases.DropDown -->
