<?xml version="1.0" encoding="UTF-8"?>
<!-- Generated by org.testng.reporters.JUnitReportReporter -->
<testsuite hostname="DESKTOP-KD1GRK7" failures="0" tests="2" name="Testcases.DP" time="0.032" errors="0" timestamp="2023-06-19T12:37:51 IST" skipped="0">
  <testcase classname="Testcases.DP" name="myTest" time="0.005"/>
  <system-out/>
  <testcase classname="Testcases.DP" name="myTest" time="0.027"/>
  <system-out/>
</testsuite> <!-- Testcases.DP -->
