<?xml version="1.0" encoding="UTF-8"?>
<!-- Generated by org.testng.reporters.JUnitReportReporter -->
<testsuite hostname="DESKTOP-KD1GRK7" failures="0" tests="1" name="Testcases.MultipleWindow" time="0.000" errors="0" timestamp="2023-06-09T15:14:03 IST" skipped="1">
  <testcase classname="Testcases.MultipleWindow" name="f" time="0.000">
    <skipped/>
  </testcase> <!-- f -->
  <system-out/>
</testsuite> <!-- Testcases.MultipleWindow -->
