<?xml version="1.0" encoding="UTF-8"?>
<!-- Generated by org.testng.reporters.JUnitReportReporter -->
<testsuite hostname="DESKTOP-KD1GRK7" failures="0" tests="2" name="Testcases.Alert" time="0.000" errors="0" timestamp="2023-06-09T15:14:03 IST" skipped="2">
  <testcase classname="Testcases.Alert" name="alertMethod" time="0.000">
    <skipped/>
  </testcase> <!-- alertMethod -->
  <system-out/>
  <testcase classname="Testcases.Alert" name="PromptBoxAlertClick" time="0.000">
    <skipped/>
  </testcase> <!-- PromptBoxAlertClick -->
  <system-out/>
</testsuite> <!-- Testcases.Alert -->
